
*** Running vivado
    with args -log system_Trigger_0_0.vds -m64 -product Vivado -mode batch -messageDb vivado.pb -notrace -source system_Trigger_0_0.tcl


ECHO is off.
ECHO is off.

****** Vivado v2023.2 (64-bit)
  **** SW Build 4029153 on Fri Oct 13 20:14:34 MDT 2023
  **** IP Build 4028589 on Sat Oct 14 00:45:43 MDT 2023
  **** SharedData Build 4025554 on Tue Oct 10 17:18:54 MDT 2023
    ** Copyright 1986-2022 Xilinx, Inc. All Rights Reserved.
    ** Copyright 2022-2023 Advanced Micro Devices, Inc. All Rights Reserved.

source system_Trigger_0_0.tcl -notrace
create_project: Time (s): cpu = 00:00:03 ; elapsed = 00:00:07 . Memory (MB): peak = 453.059 ; gain = 182.969
INFO: [IP_Flow 19-234] Refreshing IP repositories
INFO: [IP_Flow 19-1700] Loaded user IP repository 'c:/Users/benja/Desktop/Project_folder/Vivado/Red-Pitaya-main/Complete_setup/tmp/cores'.
INFO: [IP_Flow 19-2313] Loaded Vivado IP repository 'C:/Xilinx/Vivado/2023.2/data/ip'.
WARNING: [IP_Flow 19-4995] The host OS only allows 260 characters in a normal path. The IP cache path is more than 80 characters. If you experience issues with IP caching, please consider changing the IP cache to a location with a shorter path. Alternately consider using the OS subst command to map part of the path to a drive letter. 
Current IP cache path is c:/Users/benja/Desktop/Project_folder/Vivado/Red-Pitaya-main/Complete_setup/tmp/PID_Ben_Final/PID_Ben_Final.cache/ip 
INFO: [IP_Flow 19-6924] IPCACHE: Running cache check for IP inst: system_Trigger_0_0
Command: synth_design -top system_Trigger_0_0 -part xc7z010clg400-1 -incremental_mode off -mode out_of_context
Starting synth_design
Attempting to get a license for feature 'Synthesis' and/or device 'xc7z010'
INFO: [Common 17-349] Got license for feature 'Synthesis' and/or device 'xc7z010'
INFO: [Device 21-403] Loading part xc7z010clg400-1
INFO: [Synth 8-7079] Multithreading enabled for synth_design using a maximum of 2 processes.
INFO: [Synth 8-7078] Launching helper process for spawning children vivado processes
INFO: [Synth 8-7075] Helper process launched with PID 13392
---------------------------------------------------------------------------------
Starting RTL Elaboration : Time (s): cpu = 00:00:04 ; elapsed = 00:00:07 . Memory (MB): peak = 1298.023 ; gain = 439.672
---------------------------------------------------------------------------------
INFO: [Synth 8-6157] synthesizing module 'system_Trigger_0_0' [c:/Users/benja/Desktop/Project_folder/Vivado/Red-Pitaya-main/Complete_setup/tmp/PID_Ben_Final/PID_Ben_Final.gen/sources_1/bd/system/ip/system_Trigger_0_0/synth/system_Trigger_0_0.v:53]
INFO: [Synth 8-6157] synthesizing module 'Trigger' [C:/Users/benja/Desktop/Project_folder/Vivado/Red-Pitaya-main/Complete_setup/tmp/PID_Ben_Final/PID_Ben_Final.srcs/sources_1/new/Trigger.v:23]
	Parameter DAC_DATA_WIDTH bound to: 14 - type: integer 
	Parameter AXIS_TDATA_WIDTH bound to: 32 - type: integer 
INFO: [Synth 8-6155] done synthesizing module 'Trigger' (0#1) [C:/Users/benja/Desktop/Project_folder/Vivado/Red-Pitaya-main/Complete_setup/tmp/PID_Ben_Final/PID_Ben_Final.srcs/sources_1/new/Trigger.v:23]
INFO: [Synth 8-6155] done synthesizing module 'system_Trigger_0_0' (0#1) [c:/Users/benja/Desktop/Project_folder/Vivado/Red-Pitaya-main/Complete_setup/tmp/PID_Ben_Final/PID_Ben_Final.gen/sources_1/bd/system/ip/system_Trigger_0_0/synth/system_Trigger_0_0.v:53]
WARNING: [Synth 8-7129] Port S_AXIS_tdata[31] in module Trigger is either unconnected or has no load
WARNING: [Synth 8-7129] Port S_AXIS_tdata[30] in module Trigger is either unconnected or has no load
WARNING: [Synth 8-7129] Port S_AXIS_tdata[15] in module Trigger is either unconnected or has no load
WARNING: [Synth 8-7129] Port S_AXIS_tdata[14] in module Trigger is either unconnected or has no load
---------------------------------------------------------------------------------
Finished RTL Elaboration : Time (s): cpu = 00:00:06 ; elapsed = 00:00:09 . Memory (MB): peak = 1408.785 ; gain = 550.434
---------------------------------------------------------------------------------
---------------------------------------------------------------------------------
Start Handling Custom Attributes
---------------------------------------------------------------------------------
---------------------------------------------------------------------------------
Finished Handling Custom Attributes : Time (s): cpu = 00:00:06 ; elapsed = 00:00:10 . Memory (MB): peak = 1408.785 ; gain = 550.434
---------------------------------------------------------------------------------
---------------------------------------------------------------------------------
Finished RTL Optimization Phase 1 : Time (s): cpu = 00:00:06 ; elapsed = 00:00:10 . Memory (MB): peak = 1408.785 ; gain = 550.434
---------------------------------------------------------------------------------
Netlist sorting complete. Time (s): cpu = 00:00:00 ; elapsed = 00:00:00.001 . Memory (MB): peak = 1408.785 ; gain = 0.000
INFO: [Project 1-570] Preparing netlist for logic optimization

Processing XDC Constraints
Initializing timing engine
Completed Processing XDC Constraints

Netlist sorting complete. Time (s): cpu = 00:00:00 ; elapsed = 00:00:00 . Memory (MB): peak = 1436.727 ; gain = 0.000
INFO: [Project 1-111] Unisim Transformation Summary:
No Unisim elements were transformed.

The system cannot find the path specified.
Constraint Validation Runtime : Time (s): cpu = 00:00:00 ; elapsed = 00:00:00.035 . Memory (MB): peak = 1436.727 ; gain = 0.000
INFO: [Designutils 20-5008] Incremental synthesis strategy off
---------------------------------------------------------------------------------
Finished Constraint Validation : Time (s): cpu = 00:00:12 ; elapsed = 00:00:19 . Memory (MB): peak = 1436.727 ; gain = 578.375
---------------------------------------------------------------------------------
---------------------------------------------------------------------------------
Start Loading Part and Timing Information
---------------------------------------------------------------------------------
Loading part: xc7z010clg400-1
---------------------------------------------------------------------------------
Finished Loading Part and Timing Information : Time (s): cpu = 00:00:12 ; elapsed = 00:00:19 . Memory (MB): peak = 1436.727 ; gain = 578.375
---------------------------------------------------------------------------------
---------------------------------------------------------------------------------
Start Applying 'set_property' XDC Constraints
---------------------------------------------------------------------------------
---------------------------------------------------------------------------------
Finished applying 'set_property' XDC Constraints : Time (s): cpu = 00:00:12 ; elapsed = 00:00:19 . Memory (MB): peak = 1436.727 ; gain = 578.375
---------------------------------------------------------------------------------
---------------------------------------------------------------------------------
Finished RTL Optimization Phase 2 : Time (s): cpu = 00:00:12 ; elapsed = 00:00:19 . Memory (MB): peak = 1436.727 ; gain = 578.375
---------------------------------------------------------------------------------
---------------------------------------------------------------------------------
Start RTL Component Statistics 
---------------------------------------------------------------------------------
Detailed RTL Component Info : 
+---Registers : 
	               14 Bit    Registers := 1     
	                1 Bit    Registers := 2     
---------------------------------------------------------------------------------
Finished RTL Component Statistics 
---------------------------------------------------------------------------------
---------------------------------------------------------------------------------
Start Part Resource Summary
---------------------------------------------------------------------------------
Part Resources:
DSPs: 80 (col length:40)
BRAMs: 120 (col length: RAMB18 40 RAMB36 20)
---------------------------------------------------------------------------------
Finished Part Resource Summary
---------------------------------------------------------------------------------
---------------------------------------------------------------------------------
Start Cross Boundary and Area Optimization
---------------------------------------------------------------------------------
WARNING: [Synth 8-7080] Parallel synthesis criteria is not met
INFO: [Synth 8-3917] design system_Trigger_0_0 has port S_AXIS_tready driven by constant 1
INFO: [Synth 8-3917] design system_Trigger_0_0 has port M_AXIS_tdata[31] driven by constant 0
INFO: [Synth 8-3917] design system_Trigger_0_0 has port M_AXIS_tdata[30] driven by constant 0
INFO: [Synth 8-3917] design system_Trigger_0_0 has port M_AXIS_tdata[29] driven by constant 0
INFO: [Synth 8-3917] design system_Trigger_0_0 has port M_AXIS_tdata[28] driven by constant 0
INFO: [Synth 8-3917] design system_Trigger_0_0 has port M_AXIS_tdata[27] driven by constant 0
INFO: [Synth 8-3917] design system_Trigger_0_0 has port M_AXIS_tdata[26] driven by constant 0
INFO: [Synth 8-3917] design system_Trigger_0_0 has port M_AXIS_tdata[25] driven by constant 0
INFO: [Synth 8-3917] design system_Trigger_0_0 has port M_AXIS_tdata[24] driven by constant 0
INFO: [Synth 8-3917] design system_Trigger_0_0 has port M_AXIS_tdata[23] driven by constant 0
INFO: [Synth 8-3917] design system_Trigger_0_0 has port M_AXIS_tdata[22] driven by constant 0
INFO: [Synth 8-3917] design system_Trigger_0_0 has port M_AXIS_tdata[21] driven by constant 0
INFO: [Synth 8-3917] design system_Trigger_0_0 has port M_AXIS_tdata[20] driven by constant 0
INFO: [Synth 8-3917] design system_Trigger_0_0 has port M_AXIS_tdata[19] driven by constant 0
INFO: [Synth 8-3917] design system_Trigger_0_0 has port M_AXIS_tdata[18] driven by constant 0
INFO: [Synth 8-3917] design system_Trigger_0_0 has port M_AXIS_tdata[17] driven by constant 0
INFO: [Synth 8-3917] design system_Trigger_0_0 has port M_AXIS_tdata[16] driven by constant 0
INFO: [Synth 8-3917] design system_Trigger_0_0 has port M_AXIS_tdata[15] driven by constant 0
INFO: [Synth 8-3917] design system_Trigger_0_0 has port M_AXIS_tdata[14] driven by constant 0
WARNING: [Synth 8-7129] Port S_AXIS_tdata[31] in module system_Trigger_0_0 is either unconnected or has no load
WARNING: [Synth 8-7129] Port S_AXIS_tdata[30] in module system_Trigger_0_0 is either unconnected or has no load
WARNING: [Synth 8-7129] Port S_AXIS_tdata[15] in module system_Trigger_0_0 is either unconnected or has no load
WARNING: [Synth 8-7129] Port S_AXIS_tdata[14] in module system_Trigger_0_0 is either unconnected or has no load
---------------------------------------------------------------------------------
Finished Cross Boundary and Area Optimization : Time (s): cpu = 00:00:13 ; elapsed = 00:00:21 . Memory (MB): peak = 1436.727 ; gain = 578.375
---------------------------------------------------------------------------------
---------------------------------------------------------------------------------
Start Applying XDC Timing Constraints
---------------------------------------------------------------------------------
---------------------------------------------------------------------------------
Finished Applying XDC Timing Constraints : Time (s): cpu = 00:00:18 ; elapsed = 00:00:28 . Memory (MB): peak = 1436.727 ; gain = 578.375
---------------------------------------------------------------------------------
---------------------------------------------------------------------------------
Start Timing Optimization
---------------------------------------------------------------------------------
---------------------------------------------------------------------------------
Finished Timing Optimization : Time (s): cpu = 00:00:18 ; elapsed = 00:00:28 . Memory (MB): peak = 1436.727 ; gain = 578.375
---------------------------------------------------------------------------------
---------------------------------------------------------------------------------
Start Technology Mapping
---------------------------------------------------------------------------------
---------------------------------------------------------------------------------
Finished Technology Mapping : Time (s): cpu = 00:00:18 ; elapsed = 00:00:28 . Memory (MB): peak = 1436.727 ; gain = 578.375
---------------------------------------------------------------------------------
---------------------------------------------------------------------------------
Start IO Insertion
---------------------------------------------------------------------------------
---------------------------------------------------------------------------------
Start Flattening Before IO Insertion
---------------------------------------------------------------------------------
---------------------------------------------------------------------------------
Finished Flattening Before IO Insertion
---------------------------------------------------------------------------------
---------------------------------------------------------------------------------
Start Final Netlist Cleanup
---------------------------------------------------------------------------------
---------------------------------------------------------------------------------
Finished Final Netlist Cleanup
---------------------------------------------------------------------------------
---------------------------------------------------------------------------------
Finished IO Insertion : Time (s): cpu = 00:00:22 ; elapsed = 00:00:34 . Memory (MB): peak = 1436.727 ; gain = 578.375
---------------------------------------------------------------------------------
---------------------------------------------------------------------------------
Start Renaming Generated Instances
---------------------------------------------------------------------------------
---------------------------------------------------------------------------------
Finished Renaming Generated Instances : Time (s): cpu = 00:00:22 ; elapsed = 00:00:34 . Memory (MB): peak = 1436.727 ; gain = 578.375
---------------------------------------------------------------------------------
---------------------------------------------------------------------------------
Start Rebuilding User Hierarchy
---------------------------------------------------------------------------------
---------------------------------------------------------------------------------
Finished Rebuilding User Hierarchy : Time (s): cpu = 00:00:22 ; elapsed = 00:00:34 . Memory (MB): peak = 1436.727 ; gain = 578.375
---------------------------------------------------------------------------------
---------------------------------------------------------------------------------
Start Renaming Generated Ports
---------------------------------------------------------------------------------
---------------------------------------------------------------------------------
Finished Renaming Generated Ports : Time (s): cpu = 00:00:22 ; elapsed = 00:00:34 . Memory (MB): peak = 1436.727 ; gain = 578.375
---------------------------------------------------------------------------------
---------------------------------------------------------------------------------
Start Handling Custom Attributes
---------------------------------------------------------------------------------
---------------------------------------------------------------------------------
Finished Handling Custom Attributes : Time (s): cpu = 00:00:22 ; elapsed = 00:00:34 . Memory (MB): peak = 1436.727 ; gain = 578.375
---------------------------------------------------------------------------------
---------------------------------------------------------------------------------
Start Renaming Generated Nets
---------------------------------------------------------------------------------
---------------------------------------------------------------------------------
Finished Renaming Generated Nets : Time (s): cpu = 00:00:22 ; elapsed = 00:00:34 . Memory (MB): peak = 1436.727 ; gain = 578.375
---------------------------------------------------------------------------------
---------------------------------------------------------------------------------
Start Writing Synthesis Report
---------------------------------------------------------------------------------

Report BlackBoxes: 
+-+--------------+----------+
| |BlackBox name |Instances |
+-+--------------+----------+
+-+--------------+----------+

Report Cell Usage: 
+------+-------+------+
|      |Cell   |Count |
+------+-------+------+
|1     |CARRY4 |     2|
|2     |LUT1   |     1|
|3     |LUT4   |    14|
|4     |FDRE   |    16|
+------+-------+------+
---------------------------------------------------------------------------------
Finished Writing Synthesis Report : Time (s): cpu = 00:00:22 ; elapsed = 00:00:34 . Memory (MB): peak = 1436.727 ; gain = 578.375
---------------------------------------------------------------------------------
Synthesis finished with 0 errors, 0 critical warnings and 5 warnings.
Synthesis Optimization Runtime : Time (s): cpu = 00:00:15 ; elapsed = 00:00:32 . Memory (MB): peak = 1436.727 ; gain = 550.434
Synthesis Optimization Complete : Time (s): cpu = 00:00:22 ; elapsed = 00:00:34 . Memory (MB): peak = 1436.727 ; gain = 578.375
INFO: [Project 1-571] Translating synthesized netlist
Netlist sorting complete. Time (s): cpu = 00:00:00 ; elapsed = 00:00:00.001 . Memory (MB): peak = 1436.727 ; gain = 0.000
INFO: [Netlist 29-17] Analyzing 2 Unisim elements for replacement
INFO: [Netlist 29-28] Unisim Transformation completed in 0 CPU seconds
INFO: [Project 1-570] Preparing netlist for logic optimization
INFO: [Opt 31-138] Pushed 0 inverter(s) to 0 load pin(s).
Netlist sorting complete. Time (s): cpu = 00:00:00 ; elapsed = 00:00:00 . Memory (MB): peak = 1436.727 ; gain = 0.000
INFO: [Project 1-111] Unisim Transformation Summary:
No Unisim elements were transformed.

The system cannot find the path specified.
Synth Design complete | Checksum: ba3afaaa
INFO: [Common 17-83] Releasing license: Synthesis
42 Infos, 10 Warnings, 0 Critical Warnings and 0 Errors encountered.
synth_design completed successfully
synth_design: Time (s): cpu = 00:00:25 ; elapsed = 00:00:41 . Memory (MB): peak = 1436.727 ; gain = 970.691
Write ShapeDB Complete: Time (s): cpu = 00:00:00 ; elapsed = 00:00:00.001 . Memory (MB): peak = 1436.727 ; gain = 0.000
INFO: [Common 17-1381] The checkpoint 'C:/Users/benja/Desktop/Project_folder/Vivado/Red-Pitaya-main/Complete_setup/tmp/PID_Ben_Final/PID_Ben_Final.runs/system_Trigger_0_0_synth_1/system_Trigger_0_0.dcp' has been generated.
INFO: [Coretcl 2-1648] Added synthesis output to IP cache for IP system_Trigger_0_0, cache-ID = b751014dd108b450
Write ShapeDB Complete: Time (s): cpu = 00:00:00 ; elapsed = 00:00:00.001 . Memory (MB): peak = 1436.727 ; gain = 0.000
INFO: [Common 17-1381] The checkpoint 'C:/Users/benja/Desktop/Project_folder/Vivado/Red-Pitaya-main/Complete_setup/tmp/PID_Ben_Final/PID_Ben_Final.runs/system_Trigger_0_0_synth_1/system_Trigger_0_0.dcp' has been generated.
INFO: [runtcl-4] Executing : report_utilization -file system_Trigger_0_0_utilization_synth.rpt -pb system_Trigger_0_0_utilization_synth.pb
INFO: [Common 17-206] Exiting Vivado at Thu Mar 14 17:35:28 2024...
