
*** Running vivado
    with args -log system_axi_gpio_20_0.vds -m64 -product Vivado -mode batch -messageDb vivado.pb -notrace -source system_axi_gpio_20_0.tcl


ECHO is off.
ECHO is off.

****** Vivado v2023.2 (64-bit)
  **** SW Build 4029153 on Fri Oct 13 20:14:34 MDT 2023
  **** IP Build 4028589 on Sat Oct 14 00:45:43 MDT 2023
  **** SharedData Build 4025554 on Tue Oct 10 17:18:54 MDT 2023
    ** Copyright 1986-2022 Xilinx, Inc. All Rights Reserved.
    ** Copyright 2022-2023 Advanced Micro Devices, Inc. All Rights Reserved.

source system_axi_gpio_20_0.tcl -notrace
create_project: Time (s): cpu = 00:00:05 ; elapsed = 00:00:06 . Memory (MB): peak = 452.672 ; gain = 183.832
INFO: [IP_Flow 19-234] Refreshing IP repositories
INFO: [IP_Flow 19-1700] Loaded user IP repository 'c:/Users/benja/Desktop/Complete_setup/tmp/cores'.
INFO: [IP_Flow 19-2313] Loaded Vivado IP repository 'C:/Xilinx/Vivado/2023.2/data/ip'.
INFO: [IP_Flow 19-6924] IPCACHE: Running cache check for IP inst: system_axi_gpio_20_0
INFO: [IP_Flow 19-6922] IPCACHE: Exporting cached entry 7100e6c6e3c059ba to dir: C:/Users/benja/Desktop/clean/tmp/Final_WIP/Final_WIP.runs/system_axi_gpio_20_0_synth_1
INFO: [IP_Flow 19-6928] IPCACHE: copied cached file c:/Users/benja/Desktop/clean/tmp/Final_WIP/Final_WIP.cache/ip/2023.2/7/1/7100e6c6e3c059ba/system_axi_gpio_14_2.dcp to C:/Users/benja/Desktop/clean/tmp/Final_WIP/Final_WIP.runs/system_axi_gpio_20_0_synth_1/system_axi_gpio_20_0.dcp.
INFO: [IP_Flow 19-6928] IPCACHE: copied cached file c:/Users/benja/Desktop/clean/tmp/Final_WIP/Final_WIP.cache/ip/2023.2/7/1/7100e6c6e3c059ba/system_axi_gpio_14_2_sim_netlist.v to C:/Users/benja/Desktop/clean/tmp/Final_WIP/Final_WIP.runs/system_axi_gpio_20_0_synth_1/system_axi_gpio_20_0_sim_netlist.v.
INFO: [IP_Flow 19-6928] IPCACHE: copied cached file c:/Users/benja/Desktop/clean/tmp/Final_WIP/Final_WIP.cache/ip/2023.2/7/1/7100e6c6e3c059ba/system_axi_gpio_14_2_sim_netlist.vhdl to C:/Users/benja/Desktop/clean/tmp/Final_WIP/Final_WIP.runs/system_axi_gpio_20_0_synth_1/system_axi_gpio_20_0_sim_netlist.vhdl.
INFO: [IP_Flow 19-6928] IPCACHE: copied cached file c:/Users/benja/Desktop/clean/tmp/Final_WIP/Final_WIP.cache/ip/2023.2/7/1/7100e6c6e3c059ba/system_axi_gpio_14_2_stub.v to C:/Users/benja/Desktop/clean/tmp/Final_WIP/Final_WIP.runs/system_axi_gpio_20_0_synth_1/system_axi_gpio_20_0_stub.v.
INFO: [IP_Flow 19-6928] IPCACHE: copied cached file c:/Users/benja/Desktop/clean/tmp/Final_WIP/Final_WIP.cache/ip/2023.2/7/1/7100e6c6e3c059ba/system_axi_gpio_14_2_stub.vhdl to C:/Users/benja/Desktop/clean/tmp/Final_WIP/Final_WIP.runs/system_axi_gpio_20_0_synth_1/system_axi_gpio_20_0_stub.vhdl.
INFO: [IP_Flow 19-4838] Using cached IP synthesis design for IP system_axi_gpio_20_0, cache-ID = 7100e6c6e3c059ba.
INFO: [Common 17-206] Exiting Vivado at Mon Mar 18 18:37:21 2024...
