Copyright 1986-2022 Xilinx, Inc. All Rights Reserved. Copyright 2022-2023 Advanced Micro Devices, Inc. All Rights Reserved.
----------------------------------------------------------------------------------------------------------------------------------------------------------------
| Tool Version     : Vivado v.2023.2 (win64) Build 4029153 Fri Oct 13 20:14:34 MDT 2023
| Date             : Mon Mar 18 17:12:06 2024
| Host             : LAPTOP-CHI77AAF running 64-bit major release  (build 9200)
| Command          : report_power -file system_wrapper_power_routed.rpt -pb system_wrapper_power_summary_routed.pb -rpx system_wrapper_power_routed.rpx
| Design           : system_wrapper
| Device           : xc7z010clg400-1
| Design State     : routed
| Grade            : commercial
| Process          : typical
| Characterization : Production
----------------------------------------------------------------------------------------------------------------------------------------------------------------

Power Report

Table of Contents
-----------------
1. Summary
1.1 On-Chip Components
1.2 Power Supply Summary
1.3 Confidence Level
2. Settings
2.1 Environment
2.2 Clock Constraints
3. Detailed Reports
3.1 By Hierarchy

1. Summary
----------

+--------------------------+--------------+
| Total On-Chip Power (W)  | 2.153        |
| Design Power Budget (W)  | Unspecified* |
| Power Budget Margin (W)  | NA           |
| Dynamic (W)              | 2.023        |
| Device Static (W)        | 0.130        |
| Effective TJA (C/W)      | 11.5         |
| Max Ambient (C)          | 60.2         |
| Junction Temperature (C) | 49.8         |
| Confidence Level         | Low          |
| Setting File             | ---          |
| Simulation Activity File | ---          |
| Design Nets Matched      | NA           |
+--------------------------+--------------+
* Specify Design Power Budget using, set_operating_conditions -design_power_budget <value in Watts>


1.1 On-Chip Components
----------------------

+-------------------------+-----------+----------+-----------+-----------------+
| On-Chip                 | Power (W) | Used     | Available | Utilization (%) |
+-------------------------+-----------+----------+-----------+-----------------+
| Clocks                  |     0.007 |        8 |       --- |             --- |
| Slice Logic             |     0.009 |     3468 |       --- |             --- |
|   LUT as Logic          |     0.008 |     1547 |     17600 |            8.79 |
|   CARRY4                |    <0.001 |       98 |      4400 |            2.23 |
|   Register              |    <0.001 |     1259 |     35200 |            3.58 |
|   LUT as Shift Register |    <0.001 |       62 |      6000 |            1.03 |
|   Others                |     0.000 |      267 |       --- |             --- |
| Signals                 |     0.018 |     3031 |       --- |             --- |
| MMCM                    |     0.107 |        1 |         2 |           50.00 |
| DSPs                    |     0.009 |        8 |        80 |           10.00 |
| I/O                     |     0.349 |       71 |       100 |           71.00 |
| PS7                     |     1.525 |        1 |       --- |             --- |
| Static Power            |     0.130 |          |           |                 |
| Total                   |     2.153 |          |           |                 |
+-------------------------+-----------+----------+-----------+-----------------+


1.2 Power Supply Summary
------------------------

+-----------+-------------+-----------+-------------+------------+-------------+-------------+------------+
| Source    | Voltage (V) | Total (A) | Dynamic (A) | Static (A) | Powerup (A) | Budget (A)  | Margin (A) |
+-----------+-------------+-----------+-------------+------------+-------------+-------------+------------+
| Vccint    |       1.000 |     0.056 |       0.047 |      0.009 |       NA    | Unspecified | NA         |
| Vccaux    |       1.800 |     0.078 |       0.069 |      0.009 |       NA    | Unspecified | NA         |
| Vcco33    |       3.300 |     0.094 |       0.093 |      0.001 |       NA    | Unspecified | NA         |
| Vcco25    |       2.500 |     0.000 |       0.000 |      0.000 |       NA    | Unspecified | NA         |
| Vcco18    |       1.800 |     0.013 |       0.012 |      0.001 |       NA    | Unspecified | NA         |
| Vcco15    |       1.500 |     0.000 |       0.000 |      0.000 |       NA    | Unspecified | NA         |
| Vcco135   |       1.350 |     0.000 |       0.000 |      0.000 |       NA    | Unspecified | NA         |
| Vcco12    |       1.200 |     0.000 |       0.000 |      0.000 |       NA    | Unspecified | NA         |
| Vccaux_io |       1.800 |     0.000 |       0.000 |      0.000 |       NA    | Unspecified | NA         |
| Vccbram   |       1.000 |     0.001 |       0.000 |      0.001 |       NA    | Unspecified | NA         |
| MGTAVcc   |       1.000 |     0.000 |       0.000 |      0.000 |       NA    | Unspecified | NA         |
| MGTAVtt   |       1.200 |     0.000 |       0.000 |      0.000 |       NA    | Unspecified | NA         |
| MGTVccaux |       1.800 |     0.000 |       0.000 |      0.000 |       NA    | Unspecified | NA         |
| Vccpint   |       1.000 |     0.758 |       0.722 |      0.036 |       NA    | Unspecified | NA         |
| Vccpaux   |       1.800 |     0.060 |       0.050 |      0.010 |       NA    | Unspecified | NA         |
| Vccpll    |       1.800 |     0.018 |       0.015 |      0.003 |       NA    | Unspecified | NA         |
| Vcco_ddr  |       1.500 |     0.459 |       0.457 |      0.002 |       NA    | Unspecified | NA         |
| Vcco_mio0 |       1.800 |     0.000 |       0.000 |      0.000 |       NA    | Unspecified | NA         |
| Vcco_mio1 |       1.800 |     0.000 |       0.000 |      0.000 |       NA    | Unspecified | NA         |
| Vccadc    |       1.800 |     0.020 |       0.000 |      0.020 |       NA    | Unspecified | NA         |
+-----------+-------------+-----------+-------------+------------+-------------+-------------+------------+


1.3 Confidence Level
--------------------

+-----------------------------+------------+--------------------------------------------------------+------------------------------------------------------------------------------------------------------------+
| User Input Data             | Confidence | Details                                                | Action                                                                                                     |
+-----------------------------+------------+--------------------------------------------------------+------------------------------------------------------------------------------------------------------------+
| Design implementation state | High       | Design is routed                                       |                                                                                                            |
| Clock nodes activity        | High       | User specified more than 95% of clocks                 |                                                                                                            |
| I/O nodes activity          | Low        | More than 75% of inputs are missing user specification | Provide missing input activity with simulation results or by editing the "By Resource Type -> I/Os" view   |
| Internal nodes activity     | Medium     | User specified less than 25% of internal nodes         | Provide missing internal nodes activity with simulation results or by editing the "By Resource Type" views |
| Device models               | High       | Device models are Production                           |                                                                                                            |
|                             |            |                                                        |                                                                                                            |
| Overall confidence level    | Low        |                                                        |                                                                                                            |
+-----------------------------+------------+--------------------------------------------------------+------------------------------------------------------------------------------------------------------------+


2. Settings
-----------

2.1 Environment
---------------

+-----------------------+------------------------+
| Ambient Temp (C)      | 25.0                   |
| ThetaJA (C/W)         | 11.5                   |
| Airflow (LFM)         | 250                    |
| Heat Sink             | none                   |
| ThetaSA (C/W)         | 0.0                    |
| Board Selection       | medium (10"x10")       |
| # of Board Layers     | 8to11 (8 to 11 Layers) |
| Board Temperature (C) | 25.0                   |
+-----------------------+------------------------+


2.2 Clock Constraints
---------------------

+-----------------------------+-----------------------------------------------------------+-----------------+
| Clock                       | Domain                                                    | Constraint (ns) |
+-----------------------------+-----------------------------------------------------------+-----------------+
| adc_clk                     | adc_clk_p_i                                               |             8.0 |
| adc_clk                     | system_i/axis_red_pitaya_adc_0/inst/adc_clk               |             8.0 |
| clk_fpga_0                  | system_i/processing_system7_0/inst/FCLK_CLK_unbuffered[0] |            20.0 |
| clk_out1_system_clk_wiz_0_0 | system_i/clk_wiz_0/inst/clk_out1_system_clk_wiz_0_0       |             4.0 |
| clkfbout_system_clk_wiz_0_0 | system_i/clk_wiz_0/inst/clkfbout_system_clk_wiz_0_0       |             8.0 |
| rx_clk                      | daisy_p_i[1]                                              |             4.0 |
+-----------------------------+-----------------------------------------------------------+-----------------+


3. Detailed Reports
-------------------

3.1 By Hierarchy
----------------

+---------------------------+-----------+
| Name                      | Power (W) |
+---------------------------+-----------+
| system_wrapper            |     2.023 |
|   system_i                |     1.707 |
|     axis_red_pitaya_adc_0 |     0.001 |
|       inst                |     0.001 |
|     axis_red_pitaya_dac_0 |     0.004 |
|       inst                |     0.004 |
|     clk_wiz_0             |     0.107 |
|       inst                |     0.107 |
|     low_pass_0            |     0.034 |
|       inst                |     0.034 |
|     processing_system7_0  |     1.526 |
|       inst                |     1.526 |
|     ps7_0_axi_periph      |     0.003 |
|       s00_couplers        |     0.002 |
|     util_ds_buf_2         |     0.030 |
|       U0                  |     0.030 |
+---------------------------+-----------+


