
*** Running vivado
    with args -log system_axis_red_pitaya_dac_0_0.vds -m64 -product Vivado -mode batch -messageDb vivado.pb -notrace -source system_axis_red_pitaya_dac_0_0.tcl


ECHO is off.
ECHO is off.

****** Vivado v2023.2 (64-bit)
  **** SW Build 4029153 on Fri Oct 13 20:14:34 MDT 2023
  **** IP Build 4028589 on Sat Oct 14 00:45:43 MDT 2023
  **** SharedData Build 4025554 on Tue Oct 10 17:18:54 MDT 2023
    ** Copyright 1986-2022 Xilinx, Inc. All Rights Reserved.
    ** Copyright 2022-2023 Advanced Micro Devices, Inc. All Rights Reserved.

source system_axis_red_pitaya_dac_0_0.tcl -notrace
create_project: Time (s): cpu = 00:00:08 ; elapsed = 00:00:12 . Memory (MB): peak = 452.414 ; gain = 183.988
INFO: [IP_Flow 19-234] Refreshing IP repositories
INFO: [IP_Flow 19-1700] Loaded user IP repository 'c:/Users/benja/Desktop/Project_folder/Vivado/Red-Pitaya-main/Complete_setup/tmp/cores'.
INFO: [IP_Flow 19-2313] Loaded Vivado IP repository 'C:/Xilinx/Vivado/2023.2/data/ip'.
WARNING: [IP_Flow 19-4995] The host OS only allows 260 characters in a normal path. The IP cache path is more than 80 characters. If you experience issues with IP caching, please consider changing the IP cache to a location with a shorter path. Alternately consider using the OS subst command to map part of the path to a drive letter. 
Current IP cache path is c:/Users/benja/Desktop/Project_folder/Vivado/Red-Pitaya-main/Complete_setup/tmp/Pid_project_2/Pid_project_2.cache/ip 
INFO: [IP_Flow 19-6924] IPCACHE: Running cache check for IP inst: system_axis_red_pitaya_dac_0_0
Command: synth_design -top system_axis_red_pitaya_dac_0_0 -part xc7z010clg400-1 -incremental_mode off -mode out_of_context
Starting synth_design
Attempting to get a license for feature 'Synthesis' and/or device 'xc7z010'
INFO: [Common 17-349] Got license for feature 'Synthesis' and/or device 'xc7z010'
INFO: [Device 21-403] Loading part xc7z010clg400-1
INFO: [Synth 8-7079] Multithreading enabled for synth_design using a maximum of 2 processes.
INFO: [Synth 8-7078] Launching helper process for spawning children vivado processes
INFO: [Synth 8-7075] Helper process launched with PID 1984
---------------------------------------------------------------------------------
Starting RTL Elaboration : Time (s): cpu = 00:00:09 ; elapsed = 00:00:15 . Memory (MB): peak = 1299.387 ; gain = 438.867
---------------------------------------------------------------------------------
INFO: [Synth 8-6157] synthesizing module 'system_axis_red_pitaya_dac_0_0' [c:/Users/benja/Desktop/Project_folder/Vivado/Red-Pitaya-main/Complete_setup/tmp/Pid_project_2/Pid_project_2.gen/sources_1/bd/system/ip/system_axis_red_pitaya_dac_0_0/synth/system_axis_red_pitaya_dac_0_0.v:53]
INFO: [Synth 8-6157] synthesizing module 'axis_red_pitaya_dac' [c:/Users/benja/Desktop/Project_folder/Vivado/Red-Pitaya-main/Complete_setup/tmp/Pid_project_2/Pid_project_2.gen/sources_1/bd/system/ipshared/8b85/src/axis_red_pitaya_dac.v:4]
INFO: [Synth 8-6157] synthesizing module 'ODDR' [C:/Xilinx/Vivado/2023.2/scripts/rt/data/unisim_comp.v:96703]
INFO: [Synth 8-6155] done synthesizing module 'ODDR' (0#1) [C:/Xilinx/Vivado/2023.2/scripts/rt/data/unisim_comp.v:96703]
INFO: [Synth 8-6155] done synthesizing module 'axis_red_pitaya_dac' (0#1) [c:/Users/benja/Desktop/Project_folder/Vivado/Red-Pitaya-main/Complete_setup/tmp/Pid_project_2/Pid_project_2.gen/sources_1/bd/system/ipshared/8b85/src/axis_red_pitaya_dac.v:4]
INFO: [Synth 8-6155] done synthesizing module 'system_axis_red_pitaya_dac_0_0' (0#1) [c:/Users/benja/Desktop/Project_folder/Vivado/Red-Pitaya-main/Complete_setup/tmp/Pid_project_2/Pid_project_2.gen/sources_1/bd/system/ip/system_axis_red_pitaya_dac_0_0/synth/system_axis_red_pitaya_dac_0_0.v:53]
WARNING: [Synth 8-7129] Port s_axis_tdata[31] in module axis_red_pitaya_dac is either unconnected or has no load
WARNING: [Synth 8-7129] Port s_axis_tdata[30] in module axis_red_pitaya_dac is either unconnected or has no load
WARNING: [Synth 8-7129] Port s_axis_tdata[15] in module axis_red_pitaya_dac is either unconnected or has no load
WARNING: [Synth 8-7129] Port s_axis_tdata[14] in module axis_red_pitaya_dac is either unconnected or has no load
---------------------------------------------------------------------------------
Finished RTL Elaboration : Time (s): cpu = 00:00:12 ; elapsed = 00:00:21 . Memory (MB): peak = 1407.391 ; gain = 546.871
---------------------------------------------------------------------------------
---------------------------------------------------------------------------------
Start Handling Custom Attributes
---------------------------------------------------------------------------------
---------------------------------------------------------------------------------
Finished Handling Custom Attributes : Time (s): cpu = 00:00:12 ; elapsed = 00:00:21 . Memory (MB): peak = 1407.391 ; gain = 546.871
---------------------------------------------------------------------------------
---------------------------------------------------------------------------------
Finished RTL Optimization Phase 1 : Time (s): cpu = 00:00:12 ; elapsed = 00:00:21 . Memory (MB): peak = 1407.391 ; gain = 546.871
---------------------------------------------------------------------------------
Netlist sorting complete. Time (s): cpu = 00:00:00 ; elapsed = 00:00:00.001 . Memory (MB): peak = 1407.391 ; gain = 0.000
INFO: [Netlist 29-17] Analyzing 18 Unisim elements for replacement
INFO: [Netlist 29-28] Unisim Transformation completed in 0 CPU seconds
INFO: [Project 1-570] Preparing netlist for logic optimization

Processing XDC Constraints
Initializing timing engine
Completed Processing XDC Constraints

Netlist sorting complete. Time (s): cpu = 00:00:00 ; elapsed = 00:00:00 . Memory (MB): peak = 1428.223 ; gain = 0.000
INFO: [Project 1-111] Unisim Transformation Summary:
No Unisim elements were transformed.

The system cannot find the path specified.
Constraint Validation Runtime : Time (s): cpu = 00:00:00 ; elapsed = 00:00:00.105 . Memory (MB): peak = 1428.949 ; gain = 0.727
INFO: [Designutils 20-5008] Incremental synthesis strategy off
---------------------------------------------------------------------------------
Finished Constraint Validation : Time (s): cpu = 00:00:24 ; elapsed = 00:00:40 . Memory (MB): peak = 1428.949 ; gain = 568.430
---------------------------------------------------------------------------------
---------------------------------------------------------------------------------
Start Loading Part and Timing Information
---------------------------------------------------------------------------------
Loading part: xc7z010clg400-1
---------------------------------------------------------------------------------
Finished Loading Part and Timing Information : Time (s): cpu = 00:00:24 ; elapsed = 00:00:40 . Memory (MB): peak = 1428.949 ; gain = 568.430
---------------------------------------------------------------------------------
---------------------------------------------------------------------------------
Start Applying 'set_property' XDC Constraints
---------------------------------------------------------------------------------
---------------------------------------------------------------------------------
Finished applying 'set_property' XDC Constraints : Time (s): cpu = 00:00:24 ; elapsed = 00:00:40 . Memory (MB): peak = 1428.949 ; gain = 568.430
---------------------------------------------------------------------------------
---------------------------------------------------------------------------------
Finished RTL Optimization Phase 2 : Time (s): cpu = 00:00:24 ; elapsed = 00:00:40 . Memory (MB): peak = 1428.949 ; gain = 568.430
---------------------------------------------------------------------------------
---------------------------------------------------------------------------------
Start RTL Component Statistics 
---------------------------------------------------------------------------------
Detailed RTL Component Info : 
+---Registers : 
	               14 Bit    Registers := 2     
	                1 Bit    Registers := 1     
---------------------------------------------------------------------------------
Finished RTL Component Statistics 
---------------------------------------------------------------------------------
---------------------------------------------------------------------------------
Start Part Resource Summary
---------------------------------------------------------------------------------
Part Resources:
DSPs: 80 (col length:40)
BRAMs: 120 (col length: RAMB18 40 RAMB36 20)
---------------------------------------------------------------------------------
Finished Part Resource Summary
---------------------------------------------------------------------------------
---------------------------------------------------------------------------------
Start Cross Boundary and Area Optimization
---------------------------------------------------------------------------------
WARNING: [Synth 8-7080] Parallel synthesis criteria is not met
INFO: [Synth 8-3917] design system_axis_red_pitaya_dac_0_0 has port s_axis_tready driven by constant 1
WARNING: [Synth 8-7129] Port s_axis_tdata[31] in module system_axis_red_pitaya_dac_0_0 is either unconnected or has no load
WARNING: [Synth 8-7129] Port s_axis_tdata[30] in module system_axis_red_pitaya_dac_0_0 is either unconnected or has no load
WARNING: [Synth 8-7129] Port s_axis_tdata[15] in module system_axis_red_pitaya_dac_0_0 is either unconnected or has no load
WARNING: [Synth 8-7129] Port s_axis_tdata[14] in module system_axis_red_pitaya_dac_0_0 is either unconnected or has no load
---------------------------------------------------------------------------------
Finished Cross Boundary and Area Optimization : Time (s): cpu = 00:00:26 ; elapsed = 00:00:44 . Memory (MB): peak = 1428.949 ; gain = 568.430
---------------------------------------------------------------------------------
---------------------------------------------------------------------------------
Start Applying XDC Timing Constraints
---------------------------------------------------------------------------------
---------------------------------------------------------------------------------
Finished Applying XDC Timing Constraints : Time (s): cpu = 00:00:34 ; elapsed = 00:00:54 . Memory (MB): peak = 1428.949 ; gain = 568.430
---------------------------------------------------------------------------------
---------------------------------------------------------------------------------
Start Timing Optimization
---------------------------------------------------------------------------------
---------------------------------------------------------------------------------
Finished Timing Optimization : Time (s): cpu = 00:00:34 ; elapsed = 00:00:54 . Memory (MB): peak = 1428.949 ; gain = 568.430
---------------------------------------------------------------------------------
---------------------------------------------------------------------------------
Start Technology Mapping
---------------------------------------------------------------------------------
---------------------------------------------------------------------------------
Finished Technology Mapping : Time (s): cpu = 00:00:34 ; elapsed = 00:00:54 . Memory (MB): peak = 1428.949 ; gain = 568.430
---------------------------------------------------------------------------------
---------------------------------------------------------------------------------
Start IO Insertion
---------------------------------------------------------------------------------
---------------------------------------------------------------------------------
Start Flattening Before IO Insertion
---------------------------------------------------------------------------------
---------------------------------------------------------------------------------
Finished Flattening Before IO Insertion
---------------------------------------------------------------------------------
---------------------------------------------------------------------------------
Start Final Netlist Cleanup
---------------------------------------------------------------------------------
---------------------------------------------------------------------------------
Finished Final Netlist Cleanup
---------------------------------------------------------------------------------
---------------------------------------------------------------------------------
Finished IO Insertion : Time (s): cpu = 00:00:43 ; elapsed = 00:01:05 . Memory (MB): peak = 1428.949 ; gain = 568.430
---------------------------------------------------------------------------------
---------------------------------------------------------------------------------
Start Renaming Generated Instances
---------------------------------------------------------------------------------
---------------------------------------------------------------------------------
Finished Renaming Generated Instances : Time (s): cpu = 00:00:43 ; elapsed = 00:01:05 . Memory (MB): peak = 1428.949 ; gain = 568.430
---------------------------------------------------------------------------------
---------------------------------------------------------------------------------
Start Rebuilding User Hierarchy
---------------------------------------------------------------------------------
---------------------------------------------------------------------------------
Finished Rebuilding User Hierarchy : Time (s): cpu = 00:00:43 ; elapsed = 00:01:05 . Memory (MB): peak = 1428.949 ; gain = 568.430
---------------------------------------------------------------------------------
---------------------------------------------------------------------------------
Start Renaming Generated Ports
---------------------------------------------------------------------------------
---------------------------------------------------------------------------------
Finished Renaming Generated Ports : Time (s): cpu = 00:00:43 ; elapsed = 00:01:05 . Memory (MB): peak = 1428.949 ; gain = 568.430
---------------------------------------------------------------------------------
---------------------------------------------------------------------------------
Start Handling Custom Attributes
---------------------------------------------------------------------------------
---------------------------------------------------------------------------------
Finished Handling Custom Attributes : Time (s): cpu = 00:00:43 ; elapsed = 00:01:05 . Memory (MB): peak = 1428.949 ; gain = 568.430
---------------------------------------------------------------------------------
---------------------------------------------------------------------------------
Start Renaming Generated Nets
---------------------------------------------------------------------------------
---------------------------------------------------------------------------------
Finished Renaming Generated Nets : Time (s): cpu = 00:00:43 ; elapsed = 00:01:05 . Memory (MB): peak = 1428.949 ; gain = 568.430
---------------------------------------------------------------------------------
---------------------------------------------------------------------------------
Start Writing Synthesis Report
---------------------------------------------------------------------------------

Report BlackBoxes: 
+-+--------------+----------+
| |BlackBox name |Instances |
+-+--------------+----------+
+-+--------------+----------+

Report Cell Usage: 
+------+-----+------+
|      |Cell |Count |
+------+-----+------+
|1     |LUT1 |    26|
|2     |LUT2 |     1|
|3     |ODDR |    18|
|4     |FDRE |    29|
+------+-----+------+
---------------------------------------------------------------------------------
Finished Writing Synthesis Report : Time (s): cpu = 00:00:43 ; elapsed = 00:01:05 . Memory (MB): peak = 1428.949 ; gain = 568.430
---------------------------------------------------------------------------------
Synthesis finished with 0 errors, 0 critical warnings and 5 warnings.
Synthesis Optimization Runtime : Time (s): cpu = 00:00:29 ; elapsed = 00:01:00 . Memory (MB): peak = 1428.949 ; gain = 546.871
Synthesis Optimization Complete : Time (s): cpu = 00:00:43 ; elapsed = 00:01:05 . Memory (MB): peak = 1428.949 ; gain = 568.430
INFO: [Project 1-571] Translating synthesized netlist
Netlist sorting complete. Time (s): cpu = 00:00:00 ; elapsed = 00:00:00.001 . Memory (MB): peak = 1428.949 ; gain = 0.000
INFO: [Netlist 29-17] Analyzing 18 Unisim elements for replacement
INFO: [Netlist 29-28] Unisim Transformation completed in 0 CPU seconds
INFO: [Project 1-570] Preparing netlist for logic optimization
INFO: [Opt 31-138] Pushed 0 inverter(s) to 0 load pin(s).
Netlist sorting complete. Time (s): cpu = 00:00:00 ; elapsed = 00:00:00.001 . Memory (MB): peak = 1435.848 ; gain = 0.000
INFO: [Project 1-111] Unisim Transformation Summary:
No Unisim elements were transformed.

The system cannot find the path specified.
Synth Design complete | Checksum: 89ebf056
INFO: [Common 17-83] Releasing license: Synthesis
28 Infos, 10 Warnings, 0 Critical Warnings and 0 Errors encountered.
synth_design completed successfully
synth_design: Time (s): cpu = 00:00:49 ; elapsed = 00:01:20 . Memory (MB): peak = 1435.848 ; gain = 969.445
INFO: [Common 17-1381] The checkpoint 'c:/Users/benja/Desktop/Project_folder/Vivado/Red-Pitaya-main/Complete_setup/tmp/Pid_project_2/Pid_project_2.runs/system_axis_red_pitaya_dac_0_0_synth_1/system_axis_red_pitaya_dac_0_0.dcp' has been generated.
INFO: [Coretcl 2-1648] Added synthesis output to IP cache for IP system_axis_red_pitaya_dac_0_0, cache-ID = f15ebdf2eb1f3a71
INFO: [Common 17-1381] The checkpoint 'c:/Users/benja/Desktop/Project_folder/Vivado/Red-Pitaya-main/Complete_setup/tmp/Pid_project_2/Pid_project_2.runs/system_axis_red_pitaya_dac_0_0_synth_1/system_axis_red_pitaya_dac_0_0.dcp' has been generated.
INFO: [runtcl-4] Executing : report_utilization -file system_axis_red_pitaya_dac_0_0_utilization_synth.rpt -pb system_axis_red_pitaya_dac_0_0_utilization_synth.pb
INFO: [Common 17-206] Exiting Vivado at Mon Mar 11 11:44:54 2024...

*** Running vivado
    with args -log system_axis_red_pitaya_dac_0_0.vds -m64 -product Vivado -mode batch -messageDb vivado.pb -notrace -source system_axis_red_pitaya_dac_0_0.tcl


ECHO is off.
ECHO is off.

****** Vivado v2023.2 (64-bit)
  **** SW Build 4029153 on Fri Oct 13 20:14:34 MDT 2023
  **** IP Build 4028589 on Sat Oct 14 00:45:43 MDT 2023
  **** SharedData Build 4025554 on Tue Oct 10 17:18:54 MDT 2023
    ** Copyright 1986-2022 Xilinx, Inc. All Rights Reserved.
    ** Copyright 2022-2023 Advanced Micro Devices, Inc. All Rights Reserved.

source system_axis_red_pitaya_dac_0_0.tcl -notrace
create_project: Time (s): cpu = 00:00:03 ; elapsed = 00:00:07 . Memory (MB): peak = 452.832 ; gain = 183.688
INFO: [IP_Flow 19-234] Refreshing IP repositories
INFO: [IP_Flow 19-1700] Loaded user IP repository 'c:/Users/benja/Desktop/Complete_setup/tmp/cores'.
INFO: [IP_Flow 19-2313] Loaded Vivado IP repository 'C:/Xilinx/Vivado/2023.2/data/ip'.
INFO: [IP_Flow 19-6924] IPCACHE: Running cache check for IP inst: system_axis_red_pitaya_dac_0_0
Command: synth_design -top system_axis_red_pitaya_dac_0_0 -part xc7z010clg400-1 -incremental_mode off -mode out_of_context
Starting synth_design
Attempting to get a license for feature 'Synthesis' and/or device 'xc7z010'
INFO: [Common 17-349] Got license for feature 'Synthesis' and/or device 'xc7z010'
INFO: [Device 21-403] Loading part xc7z010clg400-1
INFO: [Synth 8-7079] Multithreading enabled for synth_design using a maximum of 2 processes.
INFO: [Synth 8-7078] Launching helper process for spawning children vivado processes
INFO: [Synth 8-7075] Helper process launched with PID 11608
---------------------------------------------------------------------------------
Starting RTL Elaboration : Time (s): cpu = 00:00:03 ; elapsed = 00:00:08 . Memory (MB): peak = 1298.125 ; gain = 439.367
---------------------------------------------------------------------------------
INFO: [Synth 8-6157] synthesizing module 'system_axis_red_pitaya_dac_0_0' [c:/Users/benja/Desktop/clean/tmp/WIP3/WIP3.gen/sources_1/bd/system/ip/system_axis_red_pitaya_dac_0_0/synth/system_axis_red_pitaya_dac_0_0.v:53]
INFO: [Synth 8-6157] synthesizing module 'axis_red_pitaya_dac' [c:/Users/benja/Desktop/clean/tmp/WIP3/WIP3.gen/sources_1/bd/system/ipshared/8b85/src/axis_red_pitaya_dac.v:4]
INFO: [Synth 8-6157] synthesizing module 'ODDR' [C:/Xilinx/Vivado/2023.2/scripts/rt/data/unisim_comp.v:96703]
INFO: [Synth 8-6155] done synthesizing module 'ODDR' (0#1) [C:/Xilinx/Vivado/2023.2/scripts/rt/data/unisim_comp.v:96703]
INFO: [Synth 8-6155] done synthesizing module 'axis_red_pitaya_dac' (0#1) [c:/Users/benja/Desktop/clean/tmp/WIP3/WIP3.gen/sources_1/bd/system/ipshared/8b85/src/axis_red_pitaya_dac.v:4]
INFO: [Synth 8-6155] done synthesizing module 'system_axis_red_pitaya_dac_0_0' (0#1) [c:/Users/benja/Desktop/clean/tmp/WIP3/WIP3.gen/sources_1/bd/system/ip/system_axis_red_pitaya_dac_0_0/synth/system_axis_red_pitaya_dac_0_0.v:53]
WARNING: [Synth 8-7129] Port s_axis_tdata[31] in module axis_red_pitaya_dac is either unconnected or has no load
WARNING: [Synth 8-7129] Port s_axis_tdata[30] in module axis_red_pitaya_dac is either unconnected or has no load
WARNING: [Synth 8-7129] Port s_axis_tdata[15] in module axis_red_pitaya_dac is either unconnected or has no load
WARNING: [Synth 8-7129] Port s_axis_tdata[14] in module axis_red_pitaya_dac is either unconnected or has no load
---------------------------------------------------------------------------------
Finished RTL Elaboration : Time (s): cpu = 00:00:04 ; elapsed = 00:00:10 . Memory (MB): peak = 1408.859 ; gain = 550.102
---------------------------------------------------------------------------------
---------------------------------------------------------------------------------
Start Handling Custom Attributes
---------------------------------------------------------------------------------
---------------------------------------------------------------------------------
Finished Handling Custom Attributes : Time (s): cpu = 00:00:04 ; elapsed = 00:00:11 . Memory (MB): peak = 1408.859 ; gain = 550.102
---------------------------------------------------------------------------------
---------------------------------------------------------------------------------
Finished RTL Optimization Phase 1 : Time (s): cpu = 00:00:04 ; elapsed = 00:00:11 . Memory (MB): peak = 1408.859 ; gain = 550.102
---------------------------------------------------------------------------------
Netlist sorting complete. Time (s): cpu = 00:00:00 ; elapsed = 00:00:00.001 . Memory (MB): peak = 1415.152 ; gain = 0.000
INFO: [Netlist 29-17] Analyzing 18 Unisim elements for replacement
INFO: [Netlist 29-28] Unisim Transformation completed in 0 CPU seconds
INFO: [Project 1-570] Preparing netlist for logic optimization

Processing XDC Constraints
Initializing timing engine
Completed Processing XDC Constraints

Netlist sorting complete. Time (s): cpu = 00:00:00 ; elapsed = 00:00:00 . Memory (MB): peak = 1508.605 ; gain = 0.000
INFO: [Project 1-111] Unisim Transformation Summary:
No Unisim elements were transformed.

The system cannot find the path specified.
Constraint Validation Runtime : Time (s): cpu = 00:00:00 ; elapsed = 00:00:00.032 . Memory (MB): peak = 1508.605 ; gain = 0.000
INFO: [Designutils 20-5008] Incremental synthesis strategy off
---------------------------------------------------------------------------------
Finished Constraint Validation : Time (s): cpu = 00:00:08 ; elapsed = 00:00:21 . Memory (MB): peak = 1508.605 ; gain = 649.848
---------------------------------------------------------------------------------
---------------------------------------------------------------------------------
Start Loading Part and Timing Information
---------------------------------------------------------------------------------
Loading part: xc7z010clg400-1
---------------------------------------------------------------------------------
Finished Loading Part and Timing Information : Time (s): cpu = 00:00:08 ; elapsed = 00:00:21 . Memory (MB): peak = 1508.605 ; gain = 649.848
---------------------------------------------------------------------------------
---------------------------------------------------------------------------------
Start Applying 'set_property' XDC Constraints
---------------------------------------------------------------------------------
---------------------------------------------------------------------------------
Finished applying 'set_property' XDC Constraints : Time (s): cpu = 00:00:08 ; elapsed = 00:00:21 . Memory (MB): peak = 1508.605 ; gain = 649.848
---------------------------------------------------------------------------------
---------------------------------------------------------------------------------
Finished RTL Optimization Phase 2 : Time (s): cpu = 00:00:08 ; elapsed = 00:00:21 . Memory (MB): peak = 1508.605 ; gain = 649.848
---------------------------------------------------------------------------------
---------------------------------------------------------------------------------
Start RTL Component Statistics 
---------------------------------------------------------------------------------
Detailed RTL Component Info : 
+---Registers : 
	               14 Bit    Registers := 2     
	                1 Bit    Registers := 1     
---------------------------------------------------------------------------------
Finished RTL Component Statistics 
---------------------------------------------------------------------------------
---------------------------------------------------------------------------------
Start Part Resource Summary
---------------------------------------------------------------------------------
Part Resources:
DSPs: 80 (col length:40)
BRAMs: 120 (col length: RAMB18 40 RAMB36 20)
---------------------------------------------------------------------------------
Finished Part Resource Summary
---------------------------------------------------------------------------------
---------------------------------------------------------------------------------
Start Cross Boundary and Area Optimization
---------------------------------------------------------------------------------
WARNING: [Synth 8-7080] Parallel synthesis criteria is not met
INFO: [Synth 8-3917] design system_axis_red_pitaya_dac_0_0 has port s_axis_tready driven by constant 1
WARNING: [Synth 8-7129] Port s_axis_tdata[31] in module system_axis_red_pitaya_dac_0_0 is either unconnected or has no load
WARNING: [Synth 8-7129] Port s_axis_tdata[30] in module system_axis_red_pitaya_dac_0_0 is either unconnected or has no load
WARNING: [Synth 8-7129] Port s_axis_tdata[15] in module system_axis_red_pitaya_dac_0_0 is either unconnected or has no load
WARNING: [Synth 8-7129] Port s_axis_tdata[14] in module system_axis_red_pitaya_dac_0_0 is either unconnected or has no load
---------------------------------------------------------------------------------
Finished Cross Boundary and Area Optimization : Time (s): cpu = 00:00:09 ; elapsed = 00:00:23 . Memory (MB): peak = 1508.605 ; gain = 649.848
---------------------------------------------------------------------------------
---------------------------------------------------------------------------------
Start Applying XDC Timing Constraints
---------------------------------------------------------------------------------
---------------------------------------------------------------------------------
Finished Applying XDC Timing Constraints : Time (s): cpu = 00:00:12 ; elapsed = 00:00:31 . Memory (MB): peak = 1508.605 ; gain = 649.848
---------------------------------------------------------------------------------
---------------------------------------------------------------------------------
Start Timing Optimization
---------------------------------------------------------------------------------
---------------------------------------------------------------------------------
Finished Timing Optimization : Time (s): cpu = 00:00:12 ; elapsed = 00:00:31 . Memory (MB): peak = 1508.605 ; gain = 649.848
---------------------------------------------------------------------------------
---------------------------------------------------------------------------------
Start Technology Mapping
---------------------------------------------------------------------------------
---------------------------------------------------------------------------------
Finished Technology Mapping : Time (s): cpu = 00:00:12 ; elapsed = 00:00:31 . Memory (MB): peak = 1508.605 ; gain = 649.848
---------------------------------------------------------------------------------
---------------------------------------------------------------------------------
Start IO Insertion
---------------------------------------------------------------------------------
---------------------------------------------------------------------------------
Start Flattening Before IO Insertion
---------------------------------------------------------------------------------
---------------------------------------------------------------------------------
Finished Flattening Before IO Insertion
---------------------------------------------------------------------------------
---------------------------------------------------------------------------------
Start Final Netlist Cleanup
---------------------------------------------------------------------------------
---------------------------------------------------------------------------------
Finished Final Netlist Cleanup
---------------------------------------------------------------------------------
---------------------------------------------------------------------------------
Finished IO Insertion : Time (s): cpu = 00:00:15 ; elapsed = 00:00:37 . Memory (MB): peak = 1508.605 ; gain = 649.848
---------------------------------------------------------------------------------
---------------------------------------------------------------------------------
Start Renaming Generated Instances
---------------------------------------------------------------------------------
---------------------------------------------------------------------------------
Finished Renaming Generated Instances : Time (s): cpu = 00:00:15 ; elapsed = 00:00:37 . Memory (MB): peak = 1508.605 ; gain = 649.848
---------------------------------------------------------------------------------
---------------------------------------------------------------------------------
Start Rebuilding User Hierarchy
---------------------------------------------------------------------------------
---------------------------------------------------------------------------------
Finished Rebuilding User Hierarchy : Time (s): cpu = 00:00:15 ; elapsed = 00:00:38 . Memory (MB): peak = 1508.605 ; gain = 649.848
---------------------------------------------------------------------------------
---------------------------------------------------------------------------------
Start Renaming Generated Ports
---------------------------------------------------------------------------------
---------------------------------------------------------------------------------
Finished Renaming Generated Ports : Time (s): cpu = 00:00:15 ; elapsed = 00:00:38 . Memory (MB): peak = 1508.605 ; gain = 649.848
---------------------------------------------------------------------------------
---------------------------------------------------------------------------------
Start Handling Custom Attributes
---------------------------------------------------------------------------------
---------------------------------------------------------------------------------
Finished Handling Custom Attributes : Time (s): cpu = 00:00:15 ; elapsed = 00:00:38 . Memory (MB): peak = 1508.605 ; gain = 649.848
---------------------------------------------------------------------------------
---------------------------------------------------------------------------------
Start Renaming Generated Nets
---------------------------------------------------------------------------------
---------------------------------------------------------------------------------
Finished Renaming Generated Nets : Time (s): cpu = 00:00:15 ; elapsed = 00:00:38 . Memory (MB): peak = 1508.605 ; gain = 649.848
---------------------------------------------------------------------------------
---------------------------------------------------------------------------------
Start Writing Synthesis Report
---------------------------------------------------------------------------------

Report BlackBoxes: 
+-+--------------+----------+
| |BlackBox name |Instances |
+-+--------------+----------+
+-+--------------+----------+

Report Cell Usage: 
+------+-----+------+
|      |Cell |Count |
+------+-----+------+
|1     |LUT1 |    26|
|2     |LUT2 |     1|
|3     |ODDR |    18|
|4     |FDRE |    29|
+------+-----+------+
---------------------------------------------------------------------------------
Finished Writing Synthesis Report : Time (s): cpu = 00:00:15 ; elapsed = 00:00:38 . Memory (MB): peak = 1508.605 ; gain = 649.848
---------------------------------------------------------------------------------
Synthesis finished with 0 errors, 0 critical warnings and 5 warnings.
Synthesis Optimization Runtime : Time (s): cpu = 00:00:10 ; elapsed = 00:00:35 . Memory (MB): peak = 1508.605 ; gain = 550.102
Synthesis Optimization Complete : Time (s): cpu = 00:00:15 ; elapsed = 00:00:38 . Memory (MB): peak = 1508.605 ; gain = 649.848
INFO: [Project 1-571] Translating synthesized netlist
Netlist sorting complete. Time (s): cpu = 00:00:00 ; elapsed = 00:00:00.001 . Memory (MB): peak = 1508.605 ; gain = 0.000
INFO: [Netlist 29-17] Analyzing 18 Unisim elements for replacement
INFO: [Netlist 29-28] Unisim Transformation completed in 0 CPU seconds
INFO: [Project 1-570] Preparing netlist for logic optimization
INFO: [Opt 31-138] Pushed 0 inverter(s) to 0 load pin(s).
Netlist sorting complete. Time (s): cpu = 00:00:00 ; elapsed = 00:00:00 . Memory (MB): peak = 1508.605 ; gain = 0.000
INFO: [Project 1-111] Unisim Transformation Summary:
No Unisim elements were transformed.

The system cannot find the path specified.
Synth Design complete | Checksum: 89ebf056
INFO: [Common 17-83] Releasing license: Synthesis
28 Infos, 9 Warnings, 0 Critical Warnings and 0 Errors encountered.
synth_design completed successfully
synth_design: Time (s): cpu = 00:00:17 ; elapsed = 00:00:45 . Memory (MB): peak = 1508.605 ; gain = 1042.348
INFO: [Common 17-1381] The checkpoint 'C:/Users/benja/Desktop/clean/tmp/WIP3/WIP3.runs/system_axis_red_pitaya_dac_0_0_synth_1/system_axis_red_pitaya_dac_0_0.dcp' has been generated.
INFO: [Coretcl 2-1648] Added synthesis output to IP cache for IP system_axis_red_pitaya_dac_0_0, cache-ID = f15ebdf2eb1f3a71
INFO: [Common 17-1381] The checkpoint 'C:/Users/benja/Desktop/clean/tmp/WIP3/WIP3.runs/system_axis_red_pitaya_dac_0_0_synth_1/system_axis_red_pitaya_dac_0_0.dcp' has been generated.
INFO: [runtcl-4] Executing : report_utilization -file system_axis_red_pitaya_dac_0_0_utilization_synth.rpt -pb system_axis_red_pitaya_dac_0_0_utilization_synth.pb
INFO: [Common 17-206] Exiting Vivado at Tue Mar 19 14:40:52 2024...
